{"/Users/varlopecar/dev/test-metodo/unit-test-template-typescript/src/hexToRgb/index.ts": {"path":"/Users/varlopecar/dev/test-metodo/unit-test-template-typescript/src/hexToRgb/index.ts","statementMap":{"0":{"start":{"line":1,"column":0},"end":{"line":1,"column":35}},"1":{"start":{"line":2,"column":0},"end":{"line":2,"column":39}},"2":{"start":{"line":4,"column":24},"end":{"line":29,"column":1}},"3":{"start":{"line":5,"column":2},"end":{"line":7,"column":3}},"4":{"start":{"line":6,"column":4},"end":{"line":6,"column":66}},"5":{"start":{"line":9,"column":2},"end":{"line":11,"column":3}},"6":{"start":{"line":10,"column":4},"end":{"line":10,"column":65}},"7":{"start":{"line":14,"column":2},"end":{"line":14,"column":21}},"8":{"start":{"line":16,"column":2},"end":{"line":18,"column":3}},"9":{"start":{"line":17,"column":4},"end":{"line":17,"column":81}},"10":{"start":{"line":20,"column":2},"end":{"line":22,"column":3}},"11":{"start":{"line":21,"column":4},"end":{"line":21,"column":65}},"12":{"start":{"line":24,"column":14},"end":{"line":24,"column":37}},"13":{"start":{"line":25,"column":16},"end":{"line":25,"column":39}},"14":{"start":{"line":26,"column":15},"end":{"line":26,"column":38}},"15":{"start":{"line":28,"column":2},"end":{"line":28,"column":42}},"16":{"start":{"line":4,"column":13},"end":{"line":4,"column":24}}},"fnMap":{"0":{"name":"(anonymous_0)","decl":{"start":{"line":4,"column":24},"end":{"line":4,"column":25}},"loc":{"start":{"line":4,"column":48},"end":{"line":29,"column":1}}}},"branchMap":{"0":{"loc":{"start":{"line":5,"column":2},"end":{"line":7,"column":3}},"type":"if","locations":[{"start":{"line":5,"column":2},"end":{"line":7,"column":3}}]},"1":{"loc":{"start":{"line":9,"column":2},"end":{"line":11,"column":3}},"type":"if","locations":[{"start":{"line":9,"column":2},"end":{"line":11,"column":3}}]},"2":{"loc":{"start":{"line":16,"column":2},"end":{"line":18,"column":3}},"type":"if","locations":[{"start":{"line":16,"column":2},"end":{"line":18,"column":3}}]},"3":{"loc":{"start":{"line":20,"column":2},"end":{"line":22,"column":3}},"type":"if","locations":[{"start":{"line":20,"column":2},"end":{"line":22,"column":3}}]}},"s":{"0":1,"1":1,"2":1,"3":5,"4":1,"5":4,"6":1,"7":3,"8":3,"9":1,"10":2,"11":1,"12":1,"13":1,"14":1,"15":1,"16":1},"f":{"0":5},"b":{"0":[1],"1":[1],"2":[1],"3":[1]}}
,"/Users/varlopecar/dev/test-metodo/unit-test-template-typescript/src/parser/index.ts": {"path":"/Users/varlopecar/dev/test-metodo/unit-test-template-typescript/src/parser/index.ts","statementMap":{"0":{"start":{"line":1,"column":0},"end":{"line":1,"column":39}},"1":{"start":{"line":3,"column":42},"end":{"line":20,"column":2}},"2":{"start":{"line":22,"column":21},"end":{"line":32,"column":1}},"3":{"start":{"line":24,"column":20},"end":{"line":24,"column":37}},"4":{"start":{"line":25,"column":21},"end":{"line":25,"column":33}},"5":{"start":{"line":26,"column":22},"end":{"line":26,"column":34}},"6":{"start":{"line":28,"column":26},"end":{"line":28,"column":47}},"7":{"start":{"line":29,"column":27},"end":{"line":29,"column":49}},"8":{"start":{"line":31,"column":2},"end":{"line":31,"column":49}},"9":{"start":{"line":34,"column":22},"end":{"line":51,"column":1}},"10":{"start":{"line":36,"column":2},"end":{"line":38,"column":3}},"11":{"start":{"line":37,"column":4},"end":{"line":37,"column":55}},"12":{"start":{"line":41,"column":2},"end":{"line":43,"column":3}},"13":{"start":{"line":42,"column":4},"end":{"line":42,"column":80}},"14":{"start":{"line":46,"column":2},"end":{"line":48,"column":3}},"15":{"start":{"line":47,"column":4},"end":{"line":47,"column":64}},"16":{"start":{"line":50,"column":2},"end":{"line":50,"column":27}},"17":{"start":{"line":34,"column":13},"end":{"line":34,"column":22}}},"fnMap":{"0":{"name":"(anonymous_0)","decl":{"start":{"line":22,"column":21},"end":{"line":22,"column":22}},"loc":{"start":{"line":22,"column":45},"end":{"line":32,"column":1}}},"1":{"name":"(anonymous_1)","decl":{"start":{"line":34,"column":22},"end":{"line":34,"column":23}},"loc":{"start":{"line":34,"column":55},"end":{"line":51,"column":1}}}},"branchMap":{"0":{"loc":{"start":{"line":36,"column":2},"end":{"line":38,"column":3}},"type":"if","locations":[{"start":{"line":36,"column":2},"end":{"line":38,"column":3}}]},"1":{"loc":{"start":{"line":41,"column":2},"end":{"line":43,"column":3}},"type":"if","locations":[{"start":{"line":41,"column":2},"end":{"line":43,"column":3}}]},"2":{"loc":{"start":{"line":46,"column":2},"end":{"line":48,"column":3}},"type":"if","locations":[{"start":{"line":46,"column":2},"end":{"line":48,"column":3}}]}},"s":{"0":2,"1":2,"2":2,"3":9,"4":9,"5":9,"6":9,"7":9,"8":9,"9":2,"10":16,"11":1,"12":15,"13":2,"14":13,"15":4,"16":9,"17":2},"f":{"0":9,"1":16},"b":{"0":[1],"1":[2],"2":[4]}}
,"/Users/varlopecar/dev/test-metodo/unit-test-template-typescript/src/utils/regex.ts": {"path":"/Users/varlopecar/dev/test-metodo/unit-test-template-typescript/src/utils/regex.ts","statementMap":{"0":{"start":{"line":1,"column":13},"end":{"line":1,"column":38}}},"fnMap":{},"branchMap":{},"s":{"0":2},"f":{},"b":{}}
}
