TN:
SF:src/hexToRgb/index.ts
FN:4,(anonymous_0)
FNF:1
FNH:1
FNDA:5,(anonymous_0)
DA:1,1
DA:2,1
DA:4,1
DA:5,5
DA:6,1
DA:9,4
DA:10,1
DA:14,3
DA:16,3
DA:17,1
DA:20,2
DA:21,1
DA:24,1
DA:25,1
DA:26,1
DA:28,1
LF:16
LH:16
BRDA:5,0,0,1
BRDA:9,1,0,1
BRDA:16,2,0,1
BRDA:20,3,0,1
BRF:4
BRH:4
end_of_record
TN:
SF:src/parser/index.ts
FN:22,(anonymous_0)
FN:34,(anonymous_1)
FNF:2
FNH:2
FNDA:9,(anonymous_0)
FNDA:16,(anonymous_1)
DA:1,2
DA:3,2
DA:22,2
DA:24,9
DA:25,9
DA:26,9
DA:28,9
DA:29,9
DA:31,9
DA:34,2
DA:36,16
DA:37,1
DA:41,15
DA:42,2
DA:46,13
DA:47,4
DA:50,9
LF:17
LH:17
BRDA:36,0,0,1
BRDA:41,1,0,2
BRDA:46,2,0,4
BRF:3
BRH:3
end_of_record
TN:
SF:src/utils/regex.ts
FNF:0
FNH:0
DA:1,2
LF:1
LH:1
BRF:0
BRH:0
end_of_record
